2024-10-24 13:20:02,664 DEBUG    root            Loaded Command Group: ['gcloud', 'components']
2024-10-24 13:20:02,667 DEBUG    root            Loaded Command Group: ['gcloud', 'components', 'update']
2024-10-24 13:20:02,670 DEBUG    root            Running [gcloud.components.update] with arguments: [--compile-python: "True", --quiet: "True", COMPONENT-IDS:6: "['core', 'gcloud-deps', 'bq', 'gcloud', 'gcloud-crc32c', 'gsutil']"]
2024-10-24 13:20:02,671 INFO     ___FILE_ONLY___ Beginning update. This process may take several minutes.

2024-10-24 13:20:02,704 DEBUG    urllib3.connectionpool Starting new HTTPS connection (1): dl.google.com:443
2024-10-24 13:20:02,839 DEBUG    urllib3.connectionpool https://dl.google.com:443 "GET /dl/cloudsdk/channels/rapid/components-2.json HTTP/1.1" 200 226997
2024-10-24 13:20:02,855 INFO     ___FILE_ONLY___ 

2024-10-24 13:20:02,856 INFO     ___FILE_ONLY___ 
Your current Google Cloud CLI version is: 498.0.0

2024-10-24 13:20:02,856 INFO     ___FILE_ONLY___ Installing components from version: 498.0.0

2024-10-24 13:20:02,856 INFO     ___FILE_ONLY___ 

2024-10-24 13:20:02,856 DEBUG    root            Chosen display Format:table[box,title="These components will be removed."](details.display_name:label=Name:align=left,version.version_string:label=Version:align=right,data.size.size(zero="",min=1048576):label=Size:align=right)
2024-10-24 13:20:02,857 DEBUG    root            Chosen display Format:table[box,title="These components will be updated."](details.display_name:label=Name:align=left,version.version_string:label=Version:align=right,data.size.size(zero="",min=1048576):label=Size:align=right)
2024-10-24 13:20:02,857 DEBUG    root            Chosen display Format:table[box,title="These components will be installed."](details.display_name:label=Name:align=left,version.version_string:label=Version:align=right,data.size.size(zero="",min=1048576):label=Size:align=right)
2024-10-24 13:20:02,899 INFO     ___FILE_ONLY___ ┌─────────────────────────────────────────────────────────────────────────────┐
2024-10-24 13:20:02,899 INFO     ___FILE_ONLY___ 

2024-10-24 13:20:02,899 INFO     ___FILE_ONLY___ │                     These components will be installed.                     │
2024-10-24 13:20:02,899 INFO     ___FILE_ONLY___ 

2024-10-24 13:20:02,899 INFO     ___FILE_ONLY___ ├─────────────────────────────────────────────────────┬────────────┬──────────┤
2024-10-24 13:20:02,899 INFO     ___FILE_ONLY___ 

2024-10-24 13:20:02,899 INFO     ___FILE_ONLY___ │                         Name                        │  Version   │   Size   │
2024-10-24 13:20:02,899 INFO     ___FILE_ONLY___ 

2024-10-24 13:20:02,899 INFO     ___FILE_ONLY___ ├─────────────────────────────────────────────────────┼────────────┼──────────┤
2024-10-24 13:20:02,899 INFO     ___FILE_ONLY___ 

2024-10-24 13:20:02,899 INFO     ___FILE_ONLY___ │ 
2024-10-24 13:20:02,900 INFO     ___FILE_ONLY___ BigQuery Command Line Tool                         
2024-10-24 13:20:02,900 INFO     ___FILE_ONLY___  
2024-10-24 13:20:02,900 INFO     ___FILE_ONLY___ │ 
2024-10-24 13:20:02,900 INFO     ___FILE_ONLY___      2.1.9
2024-10-24 13:20:02,900 INFO     ___FILE_ONLY___  
2024-10-24 13:20:02,900 INFO     ___FILE_ONLY___ │ 
2024-10-24 13:20:02,900 INFO     ___FILE_ONLY___  1.7 MiB
2024-10-24 13:20:02,900 INFO     ___FILE_ONLY___  
2024-10-24 13:20:02,900 INFO     ___FILE_ONLY___ │
2024-10-24 13:20:02,900 INFO     ___FILE_ONLY___ 

2024-10-24 13:20:02,900 INFO     ___FILE_ONLY___ │ 
2024-10-24 13:20:02,900 INFO     ___FILE_ONLY___ BigQuery Command Line Tool (Platform Specific)     
2024-10-24 13:20:02,900 INFO     ___FILE_ONLY___  
2024-10-24 13:20:02,900 INFO     ___FILE_ONLY___ │ 
2024-10-24 13:20:02,900 INFO     ___FILE_ONLY___      2.1.8
2024-10-24 13:20:02,901 INFO     ___FILE_ONLY___  
2024-10-24 13:20:02,901 INFO     ___FILE_ONLY___ │ 
2024-10-24 13:20:02,901 INFO     ___FILE_ONLY___  < 1 MiB
2024-10-24 13:20:02,901 INFO     ___FILE_ONLY___  
2024-10-24 13:20:02,901 INFO     ___FILE_ONLY___ │
2024-10-24 13:20:02,901 INFO     ___FILE_ONLY___ 

2024-10-24 13:20:02,901 INFO     ___FILE_ONLY___ │ 
2024-10-24 13:20:02,901 INFO     ___FILE_ONLY___ Bundled Python 3.11 (Platform Specific)            
2024-10-24 13:20:02,901 INFO     ___FILE_ONLY___  
2024-10-24 13:20:02,901 INFO     ___FILE_ONLY___ │ 
2024-10-24 13:20:02,901 INFO     ___FILE_ONLY___     3.11.9
2024-10-24 13:20:02,901 INFO     ___FILE_ONLY___  
2024-10-24 13:20:02,901 INFO     ___FILE_ONLY___ │ 
2024-10-24 13:20:02,901 INFO     ___FILE_ONLY___ 74.4 MiB
2024-10-24 13:20:02,901 INFO     ___FILE_ONLY___  
2024-10-24 13:20:02,901 INFO     ___FILE_ONLY___ │
2024-10-24 13:20:02,901 INFO     ___FILE_ONLY___ 

2024-10-24 13:20:02,902 INFO     ___FILE_ONLY___ │ 
2024-10-24 13:20:02,902 INFO     ___FILE_ONLY___ Cloud Storage Command Line Tool                    
2024-10-24 13:20:02,902 INFO     ___FILE_ONLY___  
2024-10-24 13:20:02,902 INFO     ___FILE_ONLY___ │ 
2024-10-24 13:20:02,902 INFO     ___FILE_ONLY___       5.31
2024-10-24 13:20:02,902 INFO     ___FILE_ONLY___  
2024-10-24 13:20:02,902 INFO     ___FILE_ONLY___ │ 
2024-10-24 13:20:02,902 INFO     ___FILE_ONLY___ 11.3 MiB
2024-10-24 13:20:02,902 INFO     ___FILE_ONLY___  
2024-10-24 13:20:02,902 INFO     ___FILE_ONLY___ │
2024-10-24 13:20:02,902 INFO     ___FILE_ONLY___ 

2024-10-24 13:20:02,902 INFO     ___FILE_ONLY___ │ 
2024-10-24 13:20:02,902 INFO     ___FILE_ONLY___ Cloud Storage Command Line Tool (Platform Specific)
2024-10-24 13:20:02,902 INFO     ___FILE_ONLY___  
2024-10-24 13:20:02,902 INFO     ___FILE_ONLY___ │ 
2024-10-24 13:20:02,902 INFO     ___FILE_ONLY___       5.30
2024-10-24 13:20:02,903 INFO     ___FILE_ONLY___  
2024-10-24 13:20:02,903 INFO     ___FILE_ONLY___ │ 
2024-10-24 13:20:02,903 INFO     ___FILE_ONLY___  < 1 MiB
2024-10-24 13:20:02,903 INFO     ___FILE_ONLY___  
2024-10-24 13:20:02,903 INFO     ___FILE_ONLY___ │
2024-10-24 13:20:02,903 INFO     ___FILE_ONLY___ 

2024-10-24 13:20:02,903 INFO     ___FILE_ONLY___ │ 
2024-10-24 13:20:02,903 INFO     ___FILE_ONLY___ Google Cloud CLI Core Libraries (Platform Specific)
2024-10-24 13:20:02,903 INFO     ___FILE_ONLY___  
2024-10-24 13:20:02,903 INFO     ___FILE_ONLY___ │ 
2024-10-24 13:20:02,903 INFO     ___FILE_ONLY___ 2024.08.30
2024-10-24 13:20:02,903 INFO     ___FILE_ONLY___  
2024-10-24 13:20:02,903 INFO     ___FILE_ONLY___ │ 
2024-10-24 13:20:02,903 INFO     ___FILE_ONLY___  < 1 MiB
2024-10-24 13:20:02,903 INFO     ___FILE_ONLY___  
2024-10-24 13:20:02,903 INFO     ___FILE_ONLY___ │
2024-10-24 13:20:02,904 INFO     ___FILE_ONLY___ 

2024-10-24 13:20:02,904 INFO     ___FILE_ONLY___ │ 
2024-10-24 13:20:02,904 INFO     ___FILE_ONLY___ Google Cloud CRC32C Hash Tool (Platform Specific)  
2024-10-24 13:20:02,904 INFO     ___FILE_ONLY___  
2024-10-24 13:20:02,904 INFO     ___FILE_ONLY___ │ 
2024-10-24 13:20:02,904 INFO     ___FILE_ONLY___      1.0.0
2024-10-24 13:20:02,904 INFO     ___FILE_ONLY___  
2024-10-24 13:20:02,904 INFO     ___FILE_ONLY___ │ 
2024-10-24 13:20:02,904 INFO     ___FILE_ONLY___  1.3 MiB
2024-10-24 13:20:02,904 INFO     ___FILE_ONLY___  
2024-10-24 13:20:02,904 INFO     ___FILE_ONLY___ │
2024-10-24 13:20:02,904 INFO     ___FILE_ONLY___ 

2024-10-24 13:20:02,904 INFO     ___FILE_ONLY___ │ 
2024-10-24 13:20:02,904 INFO     ___FILE_ONLY___ gcloud cli dependencies (Platform Specific)        
2024-10-24 13:20:02,904 INFO     ___FILE_ONLY___  
2024-10-24 13:20:02,904 INFO     ___FILE_ONLY___ │ 
2024-10-24 13:20:02,905 INFO     ___FILE_ONLY___ 2021.04.16
2024-10-24 13:20:02,905 INFO     ___FILE_ONLY___  
2024-10-24 13:20:02,905 INFO     ___FILE_ONLY___ │ 
2024-10-24 13:20:02,905 INFO     ___FILE_ONLY___  < 1 MiB
2024-10-24 13:20:02,905 INFO     ___FILE_ONLY___  
2024-10-24 13:20:02,905 INFO     ___FILE_ONLY___ │
2024-10-24 13:20:02,905 INFO     ___FILE_ONLY___ 

2024-10-24 13:20:02,905 INFO     ___FILE_ONLY___ └─────────────────────────────────────────────────────┴────────────┴──────────┘
2024-10-24 13:20:02,905 INFO     ___FILE_ONLY___ 

2024-10-24 13:20:02,905 INFO     ___FILE_ONLY___ 

2024-10-24 13:20:02,908 DEBUG    urllib3.connectionpool Starting new HTTPS connection (1): dl.google.com:443
2024-10-24 13:20:03,043 DEBUG    urllib3.connectionpool https://dl.google.com:443 "GET /dl/cloudsdk/channels/rapid/RELEASE_NOTES HTTP/1.1" 200 1298799
2024-10-24 13:20:03,077 INFO     ___FILE_ONLY___ For the latest full release notes, please visit:
  https://cloud.google.com/sdk/release_notes


2024-10-24 13:20:03,078 INFO     ___FILE_ONLY___ Performing in place update...


2024-10-24 13:20:03,080 INFO     ___FILE_ONLY___ ╔════════════════════════════════════════════════════════════╗

2024-10-24 13:20:03,080 INFO     ___FILE_ONLY___ ╠═ Downloading: BigQuery Command Line Tool                  ═╣

2024-10-24 13:20:03,080 INFO     ___FILE_ONLY___ ╚
2024-10-24 13:20:03,083 DEBUG    urllib3.connectionpool Starting new HTTPS connection (1): dl.google.com:443
2024-10-24 13:20:03,220 DEBUG    urllib3.connectionpool https://dl.google.com:443 "GET /dl/cloudsdk/channels/rapid/components/google-cloud-sdk-bq-20241011151610.tar.gz HTTP/1.1" 200 1831026
2024-10-24 13:20:03,230 INFO     ___FILE_ONLY___ ═
2024-10-24 13:20:03,230 INFO     ___FILE_ONLY___ ═
2024-10-24 13:20:03,231 INFO     ___FILE_ONLY___ ═
2024-10-24 13:20:03,231 INFO     ___FILE_ONLY___ ═
2024-10-24 13:20:03,231 INFO     ___FILE_ONLY___ ═
2024-10-24 13:20:03,231 INFO     ___FILE_ONLY___ ═
2024-10-24 13:20:03,231 INFO     ___FILE_ONLY___ ═
2024-10-24 13:20:03,231 INFO     ___FILE_ONLY___ ═
2024-10-24 13:20:03,231 INFO     ___FILE_ONLY___ ═
2024-10-24 13:20:03,231 INFO     ___FILE_ONLY___ ═
2024-10-24 13:20:03,231 INFO     ___FILE_ONLY___ ═
2024-10-24 13:20:03,232 INFO     ___FILE_ONLY___ ═
2024-10-24 13:20:03,232 INFO     ___FILE_ONLY___ ═
2024-10-24 13:20:03,232 INFO     ___FILE_ONLY___ ═
2024-10-24 13:20:03,232 INFO     ___FILE_ONLY___ ═
2024-10-24 13:20:03,232 INFO     ___FILE_ONLY___ ═
2024-10-24 13:20:03,232 INFO     ___FILE_ONLY___ ═
2024-10-24 13:20:03,232 INFO     ___FILE_ONLY___ ═
2024-10-24 13:20:03,232 INFO     ___FILE_ONLY___ ═
2024-10-24 13:20:03,232 INFO     ___FILE_ONLY___ ═
2024-10-24 13:20:03,233 INFO     ___FILE_ONLY___ ═
2024-10-24 13:20:03,233 INFO     ___FILE_ONLY___ ═
2024-10-24 13:20:03,233 INFO     ___FILE_ONLY___ ═
2024-10-24 13:20:03,233 INFO     ___FILE_ONLY___ ═
2024-10-24 13:20:03,233 INFO     ___FILE_ONLY___ ═
2024-10-24 13:20:03,233 INFO     ___FILE_ONLY___ ═
2024-10-24 13:20:03,233 INFO     ___FILE_ONLY___ ═
2024-10-24 13:20:03,233 INFO     ___FILE_ONLY___ ═
2024-10-24 13:20:03,233 INFO     ___FILE_ONLY___ ═
2024-10-24 13:20:03,233 INFO     ___FILE_ONLY___ ═
2024-10-24 13:20:03,234 INFO     ___FILE_ONLY___ ═
2024-10-24 13:20:03,234 INFO     ___FILE_ONLY___ ═
2024-10-24 13:20:03,234 INFO     ___FILE_ONLY___ ═
2024-10-24 13:20:03,234 INFO     ___FILE_ONLY___ ═
2024-10-24 13:20:03,234 INFO     ___FILE_ONLY___ ═
2024-10-24 13:20:03,234 INFO     ___FILE_ONLY___ ═
2024-10-24 13:20:03,234 INFO     ___FILE_ONLY___ ═
2024-10-24 13:20:03,234 INFO     ___FILE_ONLY___ ═
2024-10-24 13:20:03,234 INFO     ___FILE_ONLY___ ═
2024-10-24 13:20:03,234 INFO     ___FILE_ONLY___ ═
2024-10-24 13:20:03,235 INFO     ___FILE_ONLY___ ═
2024-10-24 13:20:03,235 INFO     ___FILE_ONLY___ ═
2024-10-24 13:20:03,235 INFO     ___FILE_ONLY___ ═
2024-10-24 13:20:03,235 INFO     ___FILE_ONLY___ ═
2024-10-24 13:20:03,235 INFO     ___FILE_ONLY___ ═
2024-10-24 13:20:03,235 INFO     ___FILE_ONLY___ ═
2024-10-24 13:20:03,235 INFO     ___FILE_ONLY___ ═
2024-10-24 13:20:03,235 INFO     ___FILE_ONLY___ ═
2024-10-24 13:20:03,235 INFO     ___FILE_ONLY___ ═
2024-10-24 13:20:03,236 INFO     ___FILE_ONLY___ ═
2024-10-24 13:20:03,236 INFO     ___FILE_ONLY___ ═
2024-10-24 13:20:03,236 INFO     ___FILE_ONLY___ ═
2024-10-24 13:20:03,236 INFO     ___FILE_ONLY___ ═
2024-10-24 13:20:03,236 INFO     ___FILE_ONLY___ ═
2024-10-24 13:20:03,236 INFO     ___FILE_ONLY___ ═
2024-10-24 13:20:03,236 INFO     ___FILE_ONLY___ ═
2024-10-24 13:20:03,236 INFO     ___FILE_ONLY___ ═
2024-10-24 13:20:03,236 INFO     ___FILE_ONLY___ ═
2024-10-24 13:20:03,236 INFO     ___FILE_ONLY___ ═
2024-10-24 13:20:03,237 INFO     ___FILE_ONLY___ ═
2024-10-24 13:20:03,237 INFO     ___FILE_ONLY___ ╝

2024-10-24 13:20:03,239 INFO     ___FILE_ONLY___ ╔════════════════════════════════════════════════════════════╗

2024-10-24 13:20:03,239 INFO     ___FILE_ONLY___ ╠═ Downloading: BigQuery Command Line Tool (Platform Spe... ═╣

2024-10-24 13:20:03,239 INFO     ___FILE_ONLY___ ╚
2024-10-24 13:20:03,242 DEBUG    urllib3.connectionpool Starting new HTTPS connection (1): dl.google.com:443
2024-10-24 13:20:03,375 DEBUG    urllib3.connectionpool https://dl.google.com:443 "GET /dl/cloudsdk/channels/rapid/components/google-cloud-sdk-bq-nix-20240830134514.tar.gz HTTP/1.1" 200 1914
2024-10-24 13:20:03,375 INFO     ___FILE_ONLY___ ════════════════════════════════════════════════════════════
2024-10-24 13:20:03,376 INFO     ___FILE_ONLY___ ╝

2024-10-24 13:20:03,378 INFO     ___FILE_ONLY___ ╔════════════════════════════════════════════════════════════╗

2024-10-24 13:20:03,378 INFO     ___FILE_ONLY___ ╠═ Downloading: Bundled Python 3.11                         ═╣

2024-10-24 13:20:03,378 INFO     ___FILE_ONLY___ ╚
2024-10-24 13:20:03,378 INFO     ___FILE_ONLY___ ════════════════════════════════════════════════════════════
2024-10-24 13:20:03,378 INFO     ___FILE_ONLY___ ╝

2024-10-24 13:20:03,380 INFO     ___FILE_ONLY___ ╔════════════════════════════════════════════════════════════╗

2024-10-24 13:20:03,380 INFO     ___FILE_ONLY___ ╠═ Downloading: Bundled Python 3.11 (Platform Specific)     ═╣

2024-10-24 13:20:03,380 INFO     ___FILE_ONLY___ ╚
2024-10-24 13:20:03,383 DEBUG    urllib3.connectionpool Starting new HTTPS connection (1): dl.google.com:443
2024-10-24 13:20:03,455 DEBUG    urllib3.connectionpool https://dl.google.com:443 "GET /dl/cloudsdk/channels/rapid/components/google-cloud-sdk-bundled-python3-unix-linux-x86_64-20240920144119.tar.gz HTTP/1.1" 200 78001783
2024-10-24 13:20:03,712 INFO     ___FILE_ONLY___ ═
2024-10-24 13:20:03,713 INFO     ___FILE_ONLY___ ═
2024-10-24 13:20:03,715 INFO     ___FILE_ONLY___ ═
2024-10-24 13:20:03,716 INFO     ___FILE_ONLY___ ═
2024-10-24 13:20:03,718 INFO     ___FILE_ONLY___ ═
2024-10-24 13:20:03,719 INFO     ___FILE_ONLY___ ═
2024-10-24 13:20:03,721 INFO     ___FILE_ONLY___ ═
2024-10-24 13:20:03,722 INFO     ___FILE_ONLY___ ═
2024-10-24 13:20:03,724 INFO     ___FILE_ONLY___ ═
2024-10-24 13:20:03,725 INFO     ___FILE_ONLY___ ═
2024-10-24 13:20:03,726 INFO     ___FILE_ONLY___ ═
2024-10-24 13:20:03,728 INFO     ___FILE_ONLY___ ═
2024-10-24 13:20:03,729 INFO     ___FILE_ONLY___ ═
2024-10-24 13:20:03,731 INFO     ___FILE_ONLY___ ═
2024-10-24 13:20:03,732 INFO     ___FILE_ONLY___ ═
2024-10-24 13:20:03,734 INFO     ___FILE_ONLY___ ═
2024-10-24 13:20:03,735 INFO     ___FILE_ONLY___ ═
2024-10-24 13:20:03,737 INFO     ___FILE_ONLY___ ═
2024-10-24 13:20:03,738 INFO     ___FILE_ONLY___ ═
2024-10-24 13:20:03,740 INFO     ___FILE_ONLY___ ═
2024-10-24 13:20:03,741 INFO     ___FILE_ONLY___ ═
2024-10-24 13:20:03,743 INFO     ___FILE_ONLY___ ═
2024-10-24 13:20:03,744 INFO     ___FILE_ONLY___ ═
2024-10-24 13:20:03,746 INFO     ___FILE_ONLY___ ═
2024-10-24 13:20:03,747 INFO     ___FILE_ONLY___ ═
2024-10-24 13:20:03,749 INFO     ___FILE_ONLY___ ═
2024-10-24 13:20:03,750 INFO     ___FILE_ONLY___ ═
2024-10-24 13:20:03,752 INFO     ___FILE_ONLY___ ═
2024-10-24 13:20:03,753 INFO     ___FILE_ONLY___ ═
2024-10-24 13:20:03,755 INFO     ___FILE_ONLY___ ═
2024-10-24 13:20:03,756 INFO     ___FILE_ONLY___ ═
2024-10-24 13:20:03,758 INFO     ___FILE_ONLY___ ═
2024-10-24 13:20:03,759 INFO     ___FILE_ONLY___ ═
2024-10-24 13:20:03,761 INFO     ___FILE_ONLY___ ═
2024-10-24 13:20:03,762 INFO     ___FILE_ONLY___ ═
2024-10-24 13:20:03,764 INFO     ___FILE_ONLY___ ═
2024-10-24 13:20:03,765 INFO     ___FILE_ONLY___ ═
2024-10-24 13:20:03,767 INFO     ___FILE_ONLY___ ═
2024-10-24 13:20:03,768 INFO     ___FILE_ONLY___ ═
2024-10-24 13:20:03,770 INFO     ___FILE_ONLY___ ═
2024-10-24 13:20:03,771 INFO     ___FILE_ONLY___ ═
2024-10-24 13:20:03,773 INFO     ___FILE_ONLY___ ═
2024-10-24 13:20:03,774 INFO     ___FILE_ONLY___ ═
2024-10-24 13:20:03,776 INFO     ___FILE_ONLY___ ═
2024-10-24 13:20:03,777 INFO     ___FILE_ONLY___ ═
2024-10-24 13:20:03,779 INFO     ___FILE_ONLY___ ═
2024-10-24 13:20:03,780 INFO     ___FILE_ONLY___ ═
2024-10-24 13:20:03,782 INFO     ___FILE_ONLY___ ═
2024-10-24 13:20:03,783 INFO     ___FILE_ONLY___ ═
2024-10-24 13:20:03,785 INFO     ___FILE_ONLY___ ═
2024-10-24 13:20:03,786 INFO     ___FILE_ONLY___ ═
2024-10-24 13:20:03,788 INFO     ___FILE_ONLY___ ═
2024-10-24 13:20:03,790 INFO     ___FILE_ONLY___ ═
2024-10-24 13:20:03,791 INFO     ___FILE_ONLY___ ═
2024-10-24 13:20:03,793 INFO     ___FILE_ONLY___ ═
2024-10-24 13:20:03,794 INFO     ___FILE_ONLY___ ═
2024-10-24 13:20:03,796 INFO     ___FILE_ONLY___ ═
2024-10-24 13:20:03,798 INFO     ___FILE_ONLY___ ═
2024-10-24 13:20:03,799 INFO     ___FILE_ONLY___ ═
2024-10-24 13:20:03,801 INFO     ___FILE_ONLY___ ═
2024-10-24 13:20:03,801 INFO     ___FILE_ONLY___ ╝

2024-10-24 13:20:03,803 INFO     ___FILE_ONLY___ ╔════════════════════════════════════════════════════════════╗

2024-10-24 13:20:03,803 INFO     ___FILE_ONLY___ ╠═ Downloading: Cloud Storage Command Line Tool             ═╣

2024-10-24 13:20:03,804 INFO     ___FILE_ONLY___ ╚
2024-10-24 13:20:03,812 DEBUG    urllib3.connectionpool Starting new HTTPS connection (1): dl.google.com:443
2024-10-24 13:20:03,946 DEBUG    urllib3.connectionpool https://dl.google.com:443 "GET /dl/cloudsdk/channels/rapid/components/google-cloud-sdk-gsutil-20241011151610.tar.gz HTTP/1.1" 200 11831021
2024-10-24 13:20:03,982 INFO     ___FILE_ONLY___ ═
2024-10-24 13:20:03,983 INFO     ___FILE_ONLY___ ═
2024-10-24 13:20:03,983 INFO     ___FILE_ONLY___ ═
2024-10-24 13:20:03,984 INFO     ___FILE_ONLY___ ═
2024-10-24 13:20:03,984 INFO     ___FILE_ONLY___ ═
2024-10-24 13:20:03,984 INFO     ___FILE_ONLY___ ═
2024-10-24 13:20:03,985 INFO     ___FILE_ONLY___ ═
2024-10-24 13:20:03,985 INFO     ___FILE_ONLY___ ═
2024-10-24 13:20:03,985 INFO     ___FILE_ONLY___ ═
2024-10-24 13:20:03,985 INFO     ___FILE_ONLY___ ═
2024-10-24 13:20:03,986 INFO     ___FILE_ONLY___ ═
2024-10-24 13:20:03,986 INFO     ___FILE_ONLY___ ═
2024-10-24 13:20:03,986 INFO     ___FILE_ONLY___ ═
2024-10-24 13:20:03,987 INFO     ___FILE_ONLY___ ═
2024-10-24 13:20:03,987 INFO     ___FILE_ONLY___ ═
2024-10-24 13:20:03,987 INFO     ___FILE_ONLY___ ═
2024-10-24 13:20:03,988 INFO     ___FILE_ONLY___ ═
2024-10-24 13:20:03,988 INFO     ___FILE_ONLY___ ═
2024-10-24 13:20:03,988 INFO     ___FILE_ONLY___ ═
2024-10-24 13:20:03,989 INFO     ___FILE_ONLY___ ═
2024-10-24 13:20:03,989 INFO     ___FILE_ONLY___ ═
2024-10-24 13:20:03,989 INFO     ___FILE_ONLY___ ═
2024-10-24 13:20:03,989 INFO     ___FILE_ONLY___ ═
2024-10-24 13:20:03,990 INFO     ___FILE_ONLY___ ═
2024-10-24 13:20:03,990 INFO     ___FILE_ONLY___ ═
2024-10-24 13:20:03,990 INFO     ___FILE_ONLY___ ═
2024-10-24 13:20:03,991 INFO     ___FILE_ONLY___ ═
2024-10-24 13:20:03,991 INFO     ___FILE_ONLY___ ═
2024-10-24 13:20:03,991 INFO     ___FILE_ONLY___ ═
2024-10-24 13:20:03,992 INFO     ___FILE_ONLY___ ═
2024-10-24 13:20:03,992 INFO     ___FILE_ONLY___ ═
2024-10-24 13:20:03,992 INFO     ___FILE_ONLY___ ═
2024-10-24 13:20:03,992 INFO     ___FILE_ONLY___ ═
2024-10-24 13:20:03,993 INFO     ___FILE_ONLY___ ═
2024-10-24 13:20:03,993 INFO     ___FILE_ONLY___ ═
2024-10-24 13:20:03,993 INFO     ___FILE_ONLY___ ═
2024-10-24 13:20:03,994 INFO     ___FILE_ONLY___ ═
2024-10-24 13:20:03,994 INFO     ___FILE_ONLY___ ═
2024-10-24 13:20:03,994 INFO     ___FILE_ONLY___ ═
2024-10-24 13:20:03,995 INFO     ___FILE_ONLY___ ═
2024-10-24 13:20:03,995 INFO     ___FILE_ONLY___ ═
2024-10-24 13:20:03,995 INFO     ___FILE_ONLY___ ═
2024-10-24 13:20:03,995 INFO     ___FILE_ONLY___ ═
2024-10-24 13:20:03,996 INFO     ___FILE_ONLY___ ═
2024-10-24 13:20:03,996 INFO     ___FILE_ONLY___ ═
2024-10-24 13:20:03,996 INFO     ___FILE_ONLY___ ═
2024-10-24 13:20:03,997 INFO     ___FILE_ONLY___ ═
2024-10-24 13:20:03,997 INFO     ___FILE_ONLY___ ═
2024-10-24 13:20:03,997 INFO     ___FILE_ONLY___ ═
2024-10-24 13:20:03,998 INFO     ___FILE_ONLY___ ═
2024-10-24 13:20:03,998 INFO     ___FILE_ONLY___ ═
2024-10-24 13:20:03,998 INFO     ___FILE_ONLY___ ═
2024-10-24 13:20:03,998 INFO     ___FILE_ONLY___ ═
2024-10-24 13:20:03,999 INFO     ___FILE_ONLY___ ═
2024-10-24 13:20:03,999 INFO     ___FILE_ONLY___ ═
2024-10-24 13:20:03,999 INFO     ___FILE_ONLY___ ═
2024-10-24 13:20:04,000 INFO     ___FILE_ONLY___ ═
2024-10-24 13:20:04,000 INFO     ___FILE_ONLY___ ═
2024-10-24 13:20:04,000 INFO     ___FILE_ONLY___ ═
2024-10-24 13:20:04,000 INFO     ___FILE_ONLY___ ═
2024-10-24 13:20:04,001 INFO     ___FILE_ONLY___ ╝

2024-10-24 13:20:04,003 INFO     ___FILE_ONLY___ ╔════════════════════════════════════════════════════════════╗

2024-10-24 13:20:04,003 INFO     ___FILE_ONLY___ ╠═ Downloading: Cloud Storage Command Line Tool (Platfor... ═╣

2024-10-24 13:20:04,003 INFO     ___FILE_ONLY___ ╚
2024-10-24 13:20:04,006 DEBUG    urllib3.connectionpool Starting new HTTPS connection (1): dl.google.com:443
2024-10-24 13:20:04,136 DEBUG    urllib3.connectionpool https://dl.google.com:443 "GET /dl/cloudsdk/channels/rapid/components/google-cloud-sdk-gsutil-nix-20240830134514.tar.gz HTTP/1.1" 200 1928
2024-10-24 13:20:04,137 INFO     ___FILE_ONLY___ ════════════════════════════════════════════════════════════
2024-10-24 13:20:04,137 INFO     ___FILE_ONLY___ ╝

2024-10-24 13:20:04,139 INFO     ___FILE_ONLY___ ╔════════════════════════════════════════════════════════════╗

2024-10-24 13:20:04,140 INFO     ___FILE_ONLY___ ╠═ Downloading: Default set of gcloud commands              ═╣

2024-10-24 13:20:04,140 INFO     ___FILE_ONLY___ ╚
2024-10-24 13:20:04,140 INFO     ___FILE_ONLY___ ════════════════════════════════════════════════════════════
2024-10-24 13:20:04,140 INFO     ___FILE_ONLY___ ╝

2024-10-24 13:20:04,142 INFO     ___FILE_ONLY___ ╔════════════════════════════════════════════════════════════╗

2024-10-24 13:20:04,142 INFO     ___FILE_ONLY___ ╠═ Downloading: Google Cloud CLI Core Libraries (Platfor... ═╣

2024-10-24 13:20:04,142 INFO     ___FILE_ONLY___ ╚
2024-10-24 13:20:04,145 DEBUG    urllib3.connectionpool Starting new HTTPS connection (1): dl.google.com:443
2024-10-24 13:20:04,283 DEBUG    urllib3.connectionpool https://dl.google.com:443 "GET /dl/cloudsdk/channels/rapid/components/google-cloud-sdk-core-nix-20240830134514.tar.gz HTTP/1.1" 200 2306
2024-10-24 13:20:04,284 INFO     ___FILE_ONLY___ ════════════════════════════════════════════════════════════
2024-10-24 13:20:04,284 INFO     ___FILE_ONLY___ ╝

2024-10-24 13:20:04,286 INFO     ___FILE_ONLY___ ╔════════════════════════════════════════════════════════════╗

2024-10-24 13:20:04,287 INFO     ___FILE_ONLY___ ╠═ Downloading: Google Cloud CRC32C Hash Tool               ═╣

2024-10-24 13:20:04,287 INFO     ___FILE_ONLY___ ╚
2024-10-24 13:20:04,287 INFO     ___FILE_ONLY___ ════════════════════════════════════════════════════════════
2024-10-24 13:20:04,287 INFO     ___FILE_ONLY___ ╝

2024-10-24 13:20:04,289 INFO     ___FILE_ONLY___ ╔════════════════════════════════════════════════════════════╗

2024-10-24 13:20:04,289 INFO     ___FILE_ONLY___ ╠═ Downloading: Google Cloud CRC32C Hash Tool (Platform ... ═╣

2024-10-24 13:20:04,289 INFO     ___FILE_ONLY___ ╚
2024-10-24 13:20:04,292 DEBUG    urllib3.connectionpool Starting new HTTPS connection (1): dl.google.com:443
2024-10-24 13:20:04,368 DEBUG    urllib3.connectionpool https://dl.google.com:443 "GET /dl/cloudsdk/channels/rapid/components/google-cloud-sdk-gcloud-crc32c-linux-x86_64-20240712142834.tar.gz HTTP/1.1" 200 1350263
2024-10-24 13:20:04,382 INFO     ___FILE_ONLY___ ═
2024-10-24 13:20:04,382 INFO     ___FILE_ONLY___ ═
2024-10-24 13:20:04,382 INFO     ___FILE_ONLY___ ═
2024-10-24 13:20:04,384 INFO     ___FILE_ONLY___ ═
2024-10-24 13:20:04,384 INFO     ___FILE_ONLY___ ═
2024-10-24 13:20:04,384 INFO     ___FILE_ONLY___ ═
2024-10-24 13:20:04,384 INFO     ___FILE_ONLY___ ═
2024-10-24 13:20:04,384 INFO     ___FILE_ONLY___ ═
2024-10-24 13:20:04,384 INFO     ___FILE_ONLY___ ═
2024-10-24 13:20:04,385 INFO     ___FILE_ONLY___ ═
2024-10-24 13:20:04,385 INFO     ___FILE_ONLY___ ═
2024-10-24 13:20:04,385 INFO     ___FILE_ONLY___ ═
2024-10-24 13:20:04,385 INFO     ___FILE_ONLY___ ═
2024-10-24 13:20:04,386 INFO     ___FILE_ONLY___ ═
2024-10-24 13:20:04,386 INFO     ___FILE_ONLY___ ═
2024-10-24 13:20:04,386 INFO     ___FILE_ONLY___ ═
2024-10-24 13:20:04,386 INFO     ___FILE_ONLY___ ═
2024-10-24 13:20:04,386 INFO     ___FILE_ONLY___ ═
2024-10-24 13:20:04,386 INFO     ___FILE_ONLY___ ═
2024-10-24 13:20:04,386 INFO     ___FILE_ONLY___ ═
2024-10-24 13:20:04,387 INFO     ___FILE_ONLY___ ═
2024-10-24 13:20:04,387 INFO     ___FILE_ONLY___ ═
2024-10-24 13:20:04,387 INFO     ___FILE_ONLY___ ═
2024-10-24 13:20:04,387 INFO     ___FILE_ONLY___ ═
2024-10-24 13:20:04,387 INFO     ___FILE_ONLY___ ═
2024-10-24 13:20:04,387 INFO     ___FILE_ONLY___ ═
2024-10-24 13:20:04,388 INFO     ___FILE_ONLY___ ═
2024-10-24 13:20:04,388 INFO     ___FILE_ONLY___ ═
2024-10-24 13:20:04,388 INFO     ___FILE_ONLY___ ═
2024-10-24 13:20:04,388 INFO     ___FILE_ONLY___ ═
2024-10-24 13:20:04,389 INFO     ___FILE_ONLY___ ═
2024-10-24 13:20:04,389 INFO     ___FILE_ONLY___ ═
2024-10-24 13:20:04,389 INFO     ___FILE_ONLY___ ═
2024-10-24 13:20:04,389 INFO     ___FILE_ONLY___ ═
2024-10-24 13:20:04,389 INFO     ___FILE_ONLY___ ═
2024-10-24 13:20:04,390 INFO     ___FILE_ONLY___ ═
2024-10-24 13:20:04,390 INFO     ___FILE_ONLY___ ═
2024-10-24 13:20:04,390 INFO     ___FILE_ONLY___ ═
2024-10-24 13:20:04,390 INFO     ___FILE_ONLY___ ═
2024-10-24 13:20:04,390 INFO     ___FILE_ONLY___ ═
2024-10-24 13:20:04,390 INFO     ___FILE_ONLY___ ═
2024-10-24 13:20:04,391 INFO     ___FILE_ONLY___ ═
2024-10-24 13:20:04,391 INFO     ___FILE_ONLY___ ═
2024-10-24 13:20:04,391 INFO     ___FILE_ONLY___ ═
2024-10-24 13:20:04,391 INFO     ___FILE_ONLY___ ═
2024-10-24 13:20:04,391 INFO     ___FILE_ONLY___ ═
2024-10-24 13:20:04,391 INFO     ___FILE_ONLY___ ═
2024-10-24 13:20:04,391 INFO     ___FILE_ONLY___ ═
2024-10-24 13:20:04,392 INFO     ___FILE_ONLY___ ═
2024-10-24 13:20:04,392 INFO     ___FILE_ONLY___ ═
2024-10-24 13:20:04,392 INFO     ___FILE_ONLY___ ═
2024-10-24 13:20:04,392 INFO     ___FILE_ONLY___ ═
2024-10-24 13:20:04,392 INFO     ___FILE_ONLY___ ═
2024-10-24 13:20:04,392 INFO     ___FILE_ONLY___ ═
2024-10-24 13:20:04,393 INFO     ___FILE_ONLY___ ═
2024-10-24 13:20:04,393 INFO     ___FILE_ONLY___ ═
2024-10-24 13:20:04,393 INFO     ___FILE_ONLY___ ═
2024-10-24 13:20:04,393 INFO     ___FILE_ONLY___ ═
2024-10-24 13:20:04,393 INFO     ___FILE_ONLY___ ═
2024-10-24 13:20:04,393 INFO     ___FILE_ONLY___ ═
2024-10-24 13:20:04,393 INFO     ___FILE_ONLY___ ╝

2024-10-24 13:20:04,395 INFO     ___FILE_ONLY___ ╔════════════════════════════════════════════════════════════╗

2024-10-24 13:20:04,396 INFO     ___FILE_ONLY___ ╠═ Downloading: gcloud cli dependencies (Platform Specific) ═╣

2024-10-24 13:20:04,396 INFO     ___FILE_ONLY___ ╚
2024-10-24 13:20:04,399 DEBUG    urllib3.connectionpool Starting new HTTPS connection (1): dl.google.com:443
2024-10-24 13:20:04,501 DEBUG    urllib3.connectionpool https://dl.google.com:443 "GET /dl/cloudsdk/channels/rapid/components/google-cloud-sdk-gcloud-deps-linux-x86_64-20210416153011.tar.gz HTTP/1.1" 200 104
2024-10-24 13:20:04,502 INFO     ___FILE_ONLY___ ════════════════════════════════════════════════════════════
2024-10-24 13:20:04,502 INFO     ___FILE_ONLY___ ╝

2024-10-24 13:20:04,505 INFO     ___FILE_ONLY___ ╔════════════════════════════════════════════════════════════╗

2024-10-24 13:20:04,505 INFO     ___FILE_ONLY___ ╠═ Installing: BigQuery Command Line Tool                   ═╣

2024-10-24 13:20:04,505 INFO     ___FILE_ONLY___ ╚
2024-10-24 13:20:04,624 INFO     ___FILE_ONLY___ ═
2024-10-24 13:20:04,628 INFO     ___FILE_ONLY___ ═
2024-10-24 13:20:04,631 INFO     ___FILE_ONLY___ ═
2024-10-24 13:20:04,634 INFO     ___FILE_ONLY___ ═
2024-10-24 13:20:04,636 INFO     ___FILE_ONLY___ ═
2024-10-24 13:20:04,639 INFO     ___FILE_ONLY___ ═
2024-10-24 13:20:04,641 INFO     ___FILE_ONLY___ ═
2024-10-24 13:20:04,644 INFO     ___FILE_ONLY___ ═
2024-10-24 13:20:04,646 INFO     ___FILE_ONLY___ ═
2024-10-24 13:20:04,648 INFO     ___FILE_ONLY___ ═
2024-10-24 13:20:04,650 INFO     ___FILE_ONLY___ ═
2024-10-24 13:20:04,652 INFO     ___FILE_ONLY___ ═
2024-10-24 13:20:04,655 INFO     ___FILE_ONLY___ ═
2024-10-24 13:20:04,657 INFO     ___FILE_ONLY___ ═
2024-10-24 13:20:04,659 INFO     ___FILE_ONLY___ ═
2024-10-24 13:20:04,662 INFO     ___FILE_ONLY___ ═
2024-10-24 13:20:04,664 INFO     ___FILE_ONLY___ ═
2024-10-24 13:20:04,667 INFO     ___FILE_ONLY___ ═
2024-10-24 13:20:04,669 INFO     ___FILE_ONLY___ ═
2024-10-24 13:20:04,672 INFO     ___FILE_ONLY___ ═
2024-10-24 13:20:04,676 INFO     ___FILE_ONLY___ ═
2024-10-24 13:20:04,680 INFO     ___FILE_ONLY___ ═
2024-10-24 13:20:04,682 INFO     ___FILE_ONLY___ ═
2024-10-24 13:20:04,685 INFO     ___FILE_ONLY___ ═
2024-10-24 13:20:04,688 INFO     ___FILE_ONLY___ ═
2024-10-24 13:20:04,690 INFO     ___FILE_ONLY___ ═
2024-10-24 13:20:04,693 INFO     ___FILE_ONLY___ ═
2024-10-24 13:20:04,696 INFO     ___FILE_ONLY___ ═
2024-10-24 13:20:04,700 INFO     ___FILE_ONLY___ ═
2024-10-24 13:20:04,703 INFO     ___FILE_ONLY___ ═
2024-10-24 13:20:04,705 INFO     ___FILE_ONLY___ ═
2024-10-24 13:20:04,707 INFO     ___FILE_ONLY___ ═
2024-10-24 13:20:04,711 INFO     ___FILE_ONLY___ ═
2024-10-24 13:20:04,716 INFO     ___FILE_ONLY___ ═
2024-10-24 13:20:04,727 INFO     ___FILE_ONLY___ ═
2024-10-24 13:20:04,729 INFO     ___FILE_ONLY___ ═
2024-10-24 13:20:04,732 INFO     ___FILE_ONLY___ ═
2024-10-24 13:20:04,737 INFO     ___FILE_ONLY___ ═
2024-10-24 13:20:04,739 INFO     ___FILE_ONLY___ ═
2024-10-24 13:20:04,742 INFO     ___FILE_ONLY___ ═
2024-10-24 13:20:04,744 INFO     ___FILE_ONLY___ ═
2024-10-24 13:20:04,746 INFO     ___FILE_ONLY___ ═
2024-10-24 13:20:04,751 INFO     ___FILE_ONLY___ ═
2024-10-24 13:20:04,754 INFO     ___FILE_ONLY___ ═
2024-10-24 13:20:04,756 INFO     ___FILE_ONLY___ ═
2024-10-24 13:20:04,758 INFO     ___FILE_ONLY___ ═
2024-10-24 13:20:04,760 INFO     ___FILE_ONLY___ ═
2024-10-24 13:20:04,762 INFO     ___FILE_ONLY___ ═
2024-10-24 13:20:04,764 INFO     ___FILE_ONLY___ ═
2024-10-24 13:20:04,767 INFO     ___FILE_ONLY___ ═
2024-10-24 13:20:04,769 INFO     ___FILE_ONLY___ ═
2024-10-24 13:20:04,771 INFO     ___FILE_ONLY___ ═
2024-10-24 13:20:04,774 INFO     ___FILE_ONLY___ ═
2024-10-24 13:20:04,778 INFO     ___FILE_ONLY___ ═
2024-10-24 13:20:04,782 INFO     ___FILE_ONLY___ ═
2024-10-24 13:20:04,784 INFO     ___FILE_ONLY___ ═
2024-10-24 13:20:04,787 INFO     ___FILE_ONLY___ ═
2024-10-24 13:20:04,789 INFO     ___FILE_ONLY___ ═
2024-10-24 13:20:04,792 INFO     ___FILE_ONLY___ ═
2024-10-24 13:20:04,795 INFO     ___FILE_ONLY___ ═
2024-10-24 13:20:04,796 INFO     ___FILE_ONLY___ ╝

2024-10-24 13:20:04,809 INFO     ___FILE_ONLY___ ╔════════════════════════════════════════════════════════════╗

2024-10-24 13:20:04,809 INFO     ___FILE_ONLY___ ╠═ Installing: BigQuery Command Line Tool (Platform Spec... ═╣

2024-10-24 13:20:04,809 INFO     ___FILE_ONLY___ ╚
2024-10-24 13:20:04,810 INFO     ___FILE_ONLY___ ════════════════════════════════════════════════════════════
2024-10-24 13:20:04,811 INFO     ___FILE_ONLY___ ╝

2024-10-24 13:20:04,817 INFO     ___FILE_ONLY___ ╔════════════════════════════════════════════════════════════╗

2024-10-24 13:20:04,817 INFO     ___FILE_ONLY___ ╠═ Installing: Bundled Python 3.11                          ═╣

2024-10-24 13:20:04,817 INFO     ___FILE_ONLY___ ╚
2024-10-24 13:20:04,822 INFO     ___FILE_ONLY___ ════════════════════════════════════════════════════════════
2024-10-24 13:20:04,822 INFO     ___FILE_ONLY___ ╝

2024-10-24 13:20:04,823 INFO     ___FILE_ONLY___ ╔════════════════════════════════════════════════════════════╗

2024-10-24 13:20:04,823 INFO     ___FILE_ONLY___ ╠═ Installing: Bundled Python 3.11 (Platform Specific)      ═╣

2024-10-24 13:20:04,823 INFO     ___FILE_ONLY___ ╚
2024-10-24 13:20:06,957 INFO     ___FILE_ONLY___ ═
2024-10-24 13:20:06,972 INFO     ___FILE_ONLY___ ═
2024-10-24 13:20:06,986 INFO     ___FILE_ONLY___ ═
2024-10-24 13:20:06,998 INFO     ___FILE_ONLY___ ═
2024-10-24 13:20:07,011 INFO     ___FILE_ONLY___ ═
2024-10-24 13:20:07,023 INFO     ___FILE_ONLY___ ═
2024-10-24 13:20:07,036 INFO     ___FILE_ONLY___ ═
2024-10-24 13:20:07,048 INFO     ___FILE_ONLY___ ═
2024-10-24 13:20:07,060 INFO     ___FILE_ONLY___ ═
2024-10-24 13:20:07,072 INFO     ___FILE_ONLY___ ═
2024-10-24 13:20:07,084 INFO     ___FILE_ONLY___ ═
2024-10-24 13:20:07,096 INFO     ___FILE_ONLY___ ═
2024-10-24 13:20:07,109 INFO     ___FILE_ONLY___ ═
2024-10-24 13:20:07,123 INFO     ___FILE_ONLY___ ═
2024-10-24 13:20:07,136 INFO     ___FILE_ONLY___ ═
2024-10-24 13:20:07,148 INFO     ___FILE_ONLY___ ═
2024-10-24 13:20:07,161 INFO     ___FILE_ONLY___ ═
2024-10-24 13:20:07,173 INFO     ___FILE_ONLY___ ═
2024-10-24 13:20:07,185 INFO     ___FILE_ONLY___ ═
2024-10-24 13:20:07,197 INFO     ___FILE_ONLY___ ═
2024-10-24 13:20:07,209 INFO     ___FILE_ONLY___ ═
2024-10-24 13:20:07,221 INFO     ___FILE_ONLY___ ═
2024-10-24 13:20:07,233 INFO     ___FILE_ONLY___ ═
2024-10-24 13:20:07,246 INFO     ___FILE_ONLY___ ═
2024-10-24 13:20:07,259 INFO     ___FILE_ONLY___ ═
2024-10-24 13:20:07,271 INFO     ___FILE_ONLY___ ═
2024-10-24 13:20:07,283 INFO     ___FILE_ONLY___ ═
2024-10-24 13:20:07,295 INFO     ___FILE_ONLY___ ═
2024-10-24 13:20:07,308 INFO     ___FILE_ONLY___ ═
2024-10-24 13:20:07,320 INFO     ___FILE_ONLY___ ═
2024-10-24 13:20:07,332 INFO     ___FILE_ONLY___ ═
2024-10-24 13:20:07,344 INFO     ___FILE_ONLY___ ═
2024-10-24 13:20:07,356 INFO     ___FILE_ONLY___ ═
2024-10-24 13:20:07,368 INFO     ___FILE_ONLY___ ═
2024-10-24 13:20:07,380 INFO     ___FILE_ONLY___ ═
2024-10-24 13:20:07,392 INFO     ___FILE_ONLY___ ═
2024-10-24 13:20:08,136 INFO     ___FILE_ONLY___ ═
2024-10-24 13:20:08,162 INFO     ___FILE_ONLY___ ═
2024-10-24 13:20:08,185 INFO     ___FILE_ONLY___ ═
2024-10-24 13:20:08,206 INFO     ___FILE_ONLY___ ═
2024-10-24 13:20:08,227 INFO     ___FILE_ONLY___ ═
2024-10-24 13:20:08,364 INFO     ___FILE_ONLY___ ═
2024-10-24 13:20:08,392 INFO     ___FILE_ONLY___ ═
2024-10-24 13:20:08,411 INFO     ___FILE_ONLY___ ═
2024-10-24 13:20:08,427 INFO     ___FILE_ONLY___ ═
2024-10-24 13:20:08,447 INFO     ___FILE_ONLY___ ═
2024-10-24 13:20:08,476 INFO     ___FILE_ONLY___ ═
2024-10-24 13:20:08,498 INFO     ___FILE_ONLY___ ═
2024-10-24 13:20:08,516 INFO     ___FILE_ONLY___ ═
2024-10-24 13:20:08,530 INFO     ___FILE_ONLY___ ═
2024-10-24 13:20:08,622 INFO     ___FILE_ONLY___ ═
2024-10-24 13:20:08,641 INFO     ___FILE_ONLY___ ═
2024-10-24 13:20:08,660 INFO     ___FILE_ONLY___ ═
2024-10-24 13:20:08,678 INFO     ___FILE_ONLY___ ═
2024-10-24 13:20:08,722 INFO     ___FILE_ONLY___ ═
2024-10-24 13:20:09,089 INFO     ___FILE_ONLY___ ═
2024-10-24 13:20:09,107 INFO     ___FILE_ONLY___ ═
2024-10-24 13:20:09,128 INFO     ___FILE_ONLY___ ═
2024-10-24 13:20:09,148 INFO     ___FILE_ONLY___ ═
2024-10-24 13:20:09,514 INFO     ___FILE_ONLY___ ═
2024-10-24 13:20:09,514 INFO     ___FILE_ONLY___ ╝

2024-10-24 13:20:09,590 INFO     ___FILE_ONLY___ ╔════════════════════════════════════════════════════════════╗

2024-10-24 13:20:09,590 INFO     ___FILE_ONLY___ ╠═ Installing: Cloud Storage Command Line Tool              ═╣

2024-10-24 13:20:09,590 INFO     ___FILE_ONLY___ ╚
2024-10-24 13:20:10,218 INFO     ___FILE_ONLY___ ═
2024-10-24 13:20:10,233 INFO     ___FILE_ONLY___ ═
2024-10-24 13:20:10,252 INFO     ___FILE_ONLY___ ═
2024-10-24 13:20:10,272 INFO     ___FILE_ONLY___ ═
2024-10-24 13:20:10,284 INFO     ___FILE_ONLY___ ═
2024-10-24 13:20:10,293 INFO     ___FILE_ONLY___ ═
2024-10-24 13:20:10,301 INFO     ___FILE_ONLY___ ═
2024-10-24 13:20:10,311 INFO     ___FILE_ONLY___ ═
2024-10-24 13:20:10,320 INFO     ___FILE_ONLY___ ═
2024-10-24 13:20:10,329 INFO     ___FILE_ONLY___ ═
2024-10-24 13:20:10,340 INFO     ___FILE_ONLY___ ═
2024-10-24 13:20:10,351 INFO     ___FILE_ONLY___ ═
2024-10-24 13:20:10,361 INFO     ___FILE_ONLY___ ═
2024-10-24 13:20:10,372 INFO     ___FILE_ONLY___ ═
2024-10-24 13:20:10,384 INFO     ___FILE_ONLY___ ═
2024-10-24 13:20:10,397 INFO     ___FILE_ONLY___ ═
2024-10-24 13:20:10,410 INFO     ___FILE_ONLY___ ═
2024-10-24 13:20:10,424 INFO     ___FILE_ONLY___ ═
2024-10-24 13:20:10,436 INFO     ___FILE_ONLY___ ═
2024-10-24 13:20:10,449 INFO     ___FILE_ONLY___ ═
2024-10-24 13:20:10,464 INFO     ___FILE_ONLY___ ═
2024-10-24 13:20:10,483 INFO     ___FILE_ONLY___ ═
2024-10-24 13:20:10,499 INFO     ___FILE_ONLY___ ═
2024-10-24 13:20:10,513 INFO     ___FILE_ONLY___ ═
2024-10-24 13:20:10,529 INFO     ___FILE_ONLY___ ═
2024-10-24 13:20:10,545 INFO     ___FILE_ONLY___ ═
2024-10-24 13:20:10,561 INFO     ___FILE_ONLY___ ═
2024-10-24 13:20:10,580 INFO     ___FILE_ONLY___ ═
2024-10-24 13:20:10,601 INFO     ___FILE_ONLY___ ═
2024-10-24 13:20:10,614 INFO     ___FILE_ONLY___ ═
2024-10-24 13:20:10,623 INFO     ___FILE_ONLY___ ═
2024-10-24 13:20:10,634 INFO     ___FILE_ONLY___ ═
2024-10-24 13:20:10,645 INFO     ___FILE_ONLY___ ═
2024-10-24 13:20:10,654 INFO     ___FILE_ONLY___ ═
2024-10-24 13:20:10,665 INFO     ___FILE_ONLY___ ═
2024-10-24 13:20:10,677 INFO     ___FILE_ONLY___ ═
2024-10-24 13:20:10,688 INFO     ___FILE_ONLY___ ═
2024-10-24 13:20:10,697 INFO     ___FILE_ONLY___ ═
2024-10-24 13:20:10,710 INFO     ___FILE_ONLY___ ═
2024-10-24 13:20:10,722 INFO     ___FILE_ONLY___ ═
2024-10-24 13:20:10,756 INFO     ___FILE_ONLY___ ═
2024-10-24 13:20:10,770 INFO     ___FILE_ONLY___ ═
2024-10-24 13:20:10,782 INFO     ___FILE_ONLY___ ═
2024-10-24 13:20:10,794 INFO     ___FILE_ONLY___ ═
2024-10-24 13:20:10,803 INFO     ___FILE_ONLY___ ═
2024-10-24 13:20:10,812 INFO     ___FILE_ONLY___ ═
2024-10-24 13:20:10,823 INFO     ___FILE_ONLY___ ═
2024-10-24 13:20:10,834 INFO     ___FILE_ONLY___ ═
2024-10-24 13:20:10,855 INFO     ___FILE_ONLY___ ═
2024-10-24 13:20:10,866 INFO     ___FILE_ONLY___ ═
2024-10-24 13:20:10,876 INFO     ___FILE_ONLY___ ═
2024-10-24 13:20:10,884 INFO     ___FILE_ONLY___ ═
2024-10-24 13:20:10,899 INFO     ___FILE_ONLY___ ═
2024-10-24 13:20:10,911 INFO     ___FILE_ONLY___ ═
2024-10-24 13:20:10,926 INFO     ___FILE_ONLY___ ═
2024-10-24 13:20:10,942 INFO     ___FILE_ONLY___ ═
2024-10-24 13:20:10,954 INFO     ___FILE_ONLY___ ═
2024-10-24 13:20:10,966 INFO     ___FILE_ONLY___ ═
2024-10-24 13:20:10,975 INFO     ___FILE_ONLY___ ═
2024-10-24 13:20:10,984 INFO     ___FILE_ONLY___ ═
2024-10-24 13:20:10,984 INFO     ___FILE_ONLY___ ╝

2024-10-24 13:20:11,034 INFO     ___FILE_ONLY___ ╔════════════════════════════════════════════════════════════╗

2024-10-24 13:20:11,035 INFO     ___FILE_ONLY___ ╠═ Installing: Cloud Storage Command Line Tool (Platform... ═╣

2024-10-24 13:20:11,035 INFO     ___FILE_ONLY___ ╚
2024-10-24 13:20:11,036 INFO     ___FILE_ONLY___ ════════════════════════════════════════════════════════════
2024-10-24 13:20:11,036 INFO     ___FILE_ONLY___ ╝

2024-10-24 13:20:11,042 INFO     ___FILE_ONLY___ ╔════════════════════════════════════════════════════════════╗

2024-10-24 13:20:11,042 INFO     ___FILE_ONLY___ ╠═ Installing: Default set of gcloud commands               ═╣

2024-10-24 13:20:11,042 INFO     ___FILE_ONLY___ ╚
2024-10-24 13:20:11,047 INFO     ___FILE_ONLY___ ════════════════════════════════════════════════════════════
2024-10-24 13:20:11,047 INFO     ___FILE_ONLY___ ╝

2024-10-24 13:20:11,048 INFO     ___FILE_ONLY___ ╔════════════════════════════════════════════════════════════╗

2024-10-24 13:20:11,049 INFO     ___FILE_ONLY___ ╠═ Installing: Google Cloud CLI Core Libraries (Platform... ═╣

2024-10-24 13:20:11,049 INFO     ___FILE_ONLY___ ╚
2024-10-24 13:20:11,050 INFO     ___FILE_ONLY___ ══════════════════════════════
2024-10-24 13:20:11,050 INFO     ___FILE_ONLY___ ══════════════════════════════
2024-10-24 13:20:11,050 INFO     ___FILE_ONLY___ ╝

2024-10-24 13:20:11,056 INFO     ___FILE_ONLY___ ╔════════════════════════════════════════════════════════════╗

2024-10-24 13:20:11,056 INFO     ___FILE_ONLY___ ╠═ Installing: Google Cloud CRC32C Hash Tool                ═╣

2024-10-24 13:20:11,056 INFO     ___FILE_ONLY___ ╚
2024-10-24 13:20:11,060 INFO     ___FILE_ONLY___ ════════════════════════════════════════════════════════════
2024-10-24 13:20:11,061 INFO     ___FILE_ONLY___ ╝

2024-10-24 13:20:11,062 INFO     ___FILE_ONLY___ ╔════════════════════════════════════════════════════════════╗

2024-10-24 13:20:11,062 INFO     ___FILE_ONLY___ ╠═ Installing: Google Cloud CRC32C Hash Tool (Platform S... ═╣

2024-10-24 13:20:11,062 INFO     ___FILE_ONLY___ ╚
2024-10-24 13:20:11,097 INFO     ___FILE_ONLY___ ══════════════════════════════
2024-10-24 13:20:11,098 INFO     ___FILE_ONLY___ ══════════════════════════════
2024-10-24 13:20:11,098 INFO     ___FILE_ONLY___ ╝

2024-10-24 13:20:11,104 INFO     ___FILE_ONLY___ ╔════════════════════════════════════════════════════════════╗

2024-10-24 13:20:11,104 INFO     ___FILE_ONLY___ ╠═ Installing: gcloud cli dependencies (Platform Specific)  ═╣

2024-10-24 13:20:11,104 INFO     ___FILE_ONLY___ ╚
2024-10-24 13:20:11,105 INFO     ___FILE_ONLY___ ════════════════════════════════════════════════════════════
2024-10-24 13:20:11,105 INFO     ___FILE_ONLY___ ╝

2024-10-24 13:20:11,112 DEBUG    root            Updating notification cache...
2024-10-24 13:20:11,113 INFO     ___FILE_ONLY___ 

2024-10-24 13:20:11,114 INFO     ___FILE_ONLY___ Performing post processing steps...
2024-10-24 13:20:11,115 DEBUG    root            Executing command: ['/tools/google-cloud-sdk/bin/gcloud', 'components', 'post-process']
2024-10-24 13:20:21,942 DEBUG    ___FILE_ONLY___ 
2024-10-24 13:20:21,942 DEBUG    ___FILE_ONLY___ 
2024-10-24 13:20:22,143 INFO     ___FILE_ONLY___ 
Update done!


2024-10-24 13:20:22,146 DEBUG    root            Chosen display Format:none
2024-10-24 13:20:22,147 INFO     root            Display format: "none"
