2024-10-24 13:20:22,714 DEBUG    root            Loaded Command Group: ['gcloud', 'components']
2024-10-24 13:20:22,716 DEBUG    root            Loaded Command Group: ['gcloud', 'components', 'update']
2024-10-24 13:20:22,719 DEBUG    root            Running [gcloud.components.update] with arguments: [--quiet: "True", COMPONENT-IDS:8: "['gcloud', 'core', 'bq', 'gsutil', 'compute', 'preview', 'alpha', 'beta']"]
2024-10-24 13:20:22,720 INFO     ___FILE_ONLY___ Beginning update. This process may take several minutes.

2024-10-24 13:20:22,729 DEBUG    urllib3.connectionpool Starting new HTTPS connection (1): dl.google.com:443
2024-10-24 13:20:22,878 DEBUG    urllib3.connectionpool https://dl.google.com:443 "GET /dl/cloudsdk/channels/rapid/components-2.json HTTP/1.1" 200 226997
2024-10-24 13:20:22,897 WARNING  root            Component [compute] no longer exists.
2024-10-24 13:20:22,898 WARNING  root            Component [preview] no longer exists.
2024-10-24 13:20:22,899 INFO     ___FILE_ONLY___ 

2024-10-24 13:20:22,899 INFO     ___FILE_ONLY___ 
Your current Google Cloud CLI version is: 498.0.0

2024-10-24 13:20:22,899 INFO     ___FILE_ONLY___ Installing components from version: 498.0.0

2024-10-24 13:20:22,900 INFO     ___FILE_ONLY___ 

2024-10-24 13:20:22,900 DEBUG    root            Chosen display Format:table[box,title="These components will be removed."](details.display_name:label=Name:align=left,version.version_string:label=Version:align=right,data.size.size(zero="",min=1048576):label=Size:align=right)
2024-10-24 13:20:22,900 DEBUG    root            Chosen display Format:table[box,title="These components will be updated."](details.display_name:label=Name:align=left,version.version_string:label=Version:align=right,data.size.size(zero="",min=1048576):label=Size:align=right)
2024-10-24 13:20:22,901 DEBUG    root            Chosen display Format:table[box,title="These components will be installed."](details.display_name:label=Name:align=left,version.version_string:label=Version:align=right,data.size.size(zero="",min=1048576):label=Size:align=right)
2024-10-24 13:20:22,920 INFO     ___FILE_ONLY___ ┌──────────────────────────────────────────────┐
2024-10-24 13:20:22,920 INFO     ___FILE_ONLY___ 

2024-10-24 13:20:22,920 INFO     ___FILE_ONLY___ │     These components will be installed.      │
2024-10-24 13:20:22,920 INFO     ___FILE_ONLY___ 

2024-10-24 13:20:22,920 INFO     ___FILE_ONLY___ ├───────────────────────┬────────────┬─────────┤
2024-10-24 13:20:22,920 INFO     ___FILE_ONLY___ 

2024-10-24 13:20:22,920 INFO     ___FILE_ONLY___ │          Name         │  Version   │   Size  │
2024-10-24 13:20:22,921 INFO     ___FILE_ONLY___ 

2024-10-24 13:20:22,921 INFO     ___FILE_ONLY___ ├───────────────────────┼────────────┼─────────┤
2024-10-24 13:20:22,921 INFO     ___FILE_ONLY___ 

2024-10-24 13:20:22,921 INFO     ___FILE_ONLY___ │ 
2024-10-24 13:20:22,921 INFO     ___FILE_ONLY___ gcloud Alpha Commands
2024-10-24 13:20:22,921 INFO     ___FILE_ONLY___  
2024-10-24 13:20:22,921 INFO     ___FILE_ONLY___ │ 
2024-10-24 13:20:22,921 INFO     ___FILE_ONLY___ 2024.10.18
2024-10-24 13:20:22,921 INFO     ___FILE_ONLY___  
2024-10-24 13:20:22,921 INFO     ___FILE_ONLY___ │ 
2024-10-24 13:20:22,922 INFO     ___FILE_ONLY___ < 1 MiB
2024-10-24 13:20:22,922 INFO     ___FILE_ONLY___  
2024-10-24 13:20:22,922 INFO     ___FILE_ONLY___ │
2024-10-24 13:20:22,922 INFO     ___FILE_ONLY___ 

2024-10-24 13:20:22,922 INFO     ___FILE_ONLY___ │ 
2024-10-24 13:20:22,922 INFO     ___FILE_ONLY___ gcloud Beta Commands 
2024-10-24 13:20:22,922 INFO     ___FILE_ONLY___  
2024-10-24 13:20:22,922 INFO     ___FILE_ONLY___ │ 
2024-10-24 13:20:22,922 INFO     ___FILE_ONLY___ 2024.10.18
2024-10-24 13:20:22,922 INFO     ___FILE_ONLY___  
2024-10-24 13:20:22,923 INFO     ___FILE_ONLY___ │ 
2024-10-24 13:20:22,923 INFO     ___FILE_ONLY___ < 1 MiB
2024-10-24 13:20:22,923 INFO     ___FILE_ONLY___  
2024-10-24 13:20:22,923 INFO     ___FILE_ONLY___ │
2024-10-24 13:20:22,923 INFO     ___FILE_ONLY___ 

2024-10-24 13:20:22,923 INFO     ___FILE_ONLY___ └───────────────────────┴────────────┴─────────┘
2024-10-24 13:20:22,923 INFO     ___FILE_ONLY___ 

2024-10-24 13:20:22,923 INFO     ___FILE_ONLY___ 

2024-10-24 13:20:22,926 DEBUG    urllib3.connectionpool Starting new HTTPS connection (1): dl.google.com:443
2024-10-24 13:20:23,058 DEBUG    urllib3.connectionpool https://dl.google.com:443 "GET /dl/cloudsdk/channels/rapid/RELEASE_NOTES HTTP/1.1" 200 1298799
2024-10-24 13:20:23,095 INFO     ___FILE_ONLY___ For the latest full release notes, please visit:
  https://cloud.google.com/sdk/release_notes


2024-10-24 13:20:23,096 INFO     ___FILE_ONLY___ Performing in place update...


2024-10-24 13:20:23,098 INFO     ___FILE_ONLY___ ╔════════════════════════════════════════════════════════════╗

2024-10-24 13:20:23,098 INFO     ___FILE_ONLY___ ╠═ Downloading: gcloud Alpha Commands                       ═╣

2024-10-24 13:20:23,098 INFO     ___FILE_ONLY___ ╚
2024-10-24 13:20:23,102 DEBUG    urllib3.connectionpool Starting new HTTPS connection (1): dl.google.com:443
2024-10-24 13:20:23,267 DEBUG    urllib3.connectionpool https://dl.google.com:443 "GET /dl/cloudsdk/channels/rapid/components/google-cloud-sdk-alpha-20241018161811.tar.gz HTTP/1.1" 200 800
2024-10-24 13:20:23,267 INFO     ___FILE_ONLY___ ════════════════════════════════════════════════════════════
2024-10-24 13:20:23,268 INFO     ___FILE_ONLY___ ╝

2024-10-24 13:20:23,270 INFO     ___FILE_ONLY___ ╔════════════════════════════════════════════════════════════╗

2024-10-24 13:20:23,270 INFO     ___FILE_ONLY___ ╠═ Downloading: gcloud Beta Commands                        ═╣

2024-10-24 13:20:23,270 INFO     ___FILE_ONLY___ ╚
2024-10-24 13:20:23,273 DEBUG    urllib3.connectionpool Starting new HTTPS connection (1): dl.google.com:443
2024-10-24 13:20:23,408 DEBUG    urllib3.connectionpool https://dl.google.com:443 "GET /dl/cloudsdk/channels/rapid/components/google-cloud-sdk-beta-20241018161811.tar.gz HTTP/1.1" 200 797
2024-10-24 13:20:23,409 INFO     ___FILE_ONLY___ ════════════════════════════════════════════════════════════
2024-10-24 13:20:23,409 INFO     ___FILE_ONLY___ ╝

2024-10-24 13:20:23,411 INFO     ___FILE_ONLY___ ╔════════════════════════════════════════════════════════════╗

2024-10-24 13:20:23,411 INFO     ___FILE_ONLY___ ╠═ Installing: gcloud Alpha Commands                        ═╣

2024-10-24 13:20:23,411 INFO     ___FILE_ONLY___ ╚
2024-10-24 13:20:23,412 INFO     ___FILE_ONLY___ ════════════════════════════════════════════════════════════
2024-10-24 13:20:23,412 INFO     ___FILE_ONLY___ ╝

2024-10-24 13:20:23,420 INFO     ___FILE_ONLY___ ╔════════════════════════════════════════════════════════════╗

2024-10-24 13:20:23,420 INFO     ___FILE_ONLY___ ╠═ Installing: gcloud Beta Commands                         ═╣

2024-10-24 13:20:23,420 INFO     ___FILE_ONLY___ ╚
2024-10-24 13:20:23,421 INFO     ___FILE_ONLY___ ════════════════════════════════════════════════════════════
2024-10-24 13:20:23,421 INFO     ___FILE_ONLY___ ╝

2024-10-24 13:20:23,429 DEBUG    root            Updating notification cache...
2024-10-24 13:20:23,430 INFO     ___FILE_ONLY___ 

2024-10-24 13:20:23,431 INFO     ___FILE_ONLY___ Performing post processing steps...
2024-10-24 13:20:23,432 DEBUG    root            Executing command: ['/tools/google-cloud-sdk/bin/gcloud', 'components', 'post-process']
2024-10-24 13:20:34,022 DEBUG    ___FILE_ONLY___ 
2024-10-24 13:20:34,023 DEBUG    ___FILE_ONLY___ 
2024-10-24 13:20:34,208 INFO     ___FILE_ONLY___ 
Update done!


2024-10-24 13:20:34,210 DEBUG    root            Chosen display Format:none
2024-10-24 13:20:34,211 INFO     root            Display format: "none"
